<?xml version="1.0" encoding="UTF-8"?>
<!-- Generated by org.testng.reporters.JUnitXMLReporter -->
<testsuite hostname="WUK3032878" ignored="0" name="Test" tests="1" failures="1" timestamp="24 Nov 2017 10:43:41 GMT" time="3.663" errors="0">
  <testcase name="webserviceTestcase" time="3.663" classname="com.ci.demo.WebservicesTest">
    <failure type="java.lang.AssertionError" message="expected [true] but found [false]">
      <![CDATA[java.lang.AssertionError: expected [true] but found [false]
	at com.ci.demo.WebservicesTest.webserviceTestcase(WebservicesTest.java:44)
... Removed 32 stack frames]]>
    </failure>
  </testcase> <!-- webserviceTestcase -->
</testsuite> <!-- Test -->
