<?xml version="1.0" encoding="UTF-8"?>
<!-- Generated by org.testng.reporters.JUnitXMLReporter -->
<testsuite hostname="WUK3032878" ignored="0" name="Test" tests="3" failures="0" timestamp="24 Nov 2017 10:43:41 GMT" time="0.016" errors="0">
  <testcase name="testCase2" time="0.016" classname="com.ci.demo.math.Multiplication_Table_Test"/>
  <testcase name="testCase2" time="0.0" classname="com.ci.demo.math.PalindromeLessThanThousand_Test"/>
  <testcase name="testCase1" time="0.0" classname="com.ci.demo.math.PrintPrimeNumbers_Test"/>
</testsuite> <!-- Test -->
