<?xml version="1.0" encoding="UTF-8"?>
<testsuite xmlns:xsi="http://www.w3.org/2001/XMLSchema-instance" xsi:schemaLocation="https://maven.apache.org/surefire/maven-surefire-plugin/xsd/surefire-test-report.xsd" name="TestSuite" time="63.775" tests="6" errors="0" skipped="0" failures="1">
  <properties>
[...]
</properties>
  <testcase name="mobileTestCase" classname="com.ci.demo.MobileApp_Test" time="51.142"/>
  <testcase name="launchBrowser" classname="com.ci.demo.WebTesting" time="8.254"/>
  <testcase name="webserviceTestcase" classname="com.ci.demo.WebservicesTest" time="3.663">
    <failure message="expected [true] but found [false]" type="java.lang.AssertionError">java.lang.AssertionError: expected [true] but found [false]
	at com.ci.demo.WebservicesTest.webserviceTestcase(WebservicesTest.java:44)
</failure>
    <system-out><![CDATA[*********************************
*Web Services Test is initiated**
*********************************
*********************************
C:\Users\AAO6981\Documents\Appium\androidtest\Resources\chromedriver.exe
{"ip":"89.207.165.250","country_code":"GB","country_name":"United Kingdom","region_code":"","region_name":"","city":"","zip_code":"","time_zone":"Europe/London","latitude":51.4964,"longitude":-0.1224,"metro_code":0}
Web Testing Failed
]]></system-out>
    <system-err><![CDATA[Starting ChromeDriver 2.33.506120 (e3e53437346286c0bc2d2dc9aa4915ba81d9023f) on port 20581
Only local connections are allowed.
Nov 24, 2017 10:43:39 AM org.openqa.selenium.remote.ProtocolHandshake createSession
INFO: Detected dialect: OSS
]]></system-err>
  </testcase>
  <testcase name="testCase2" classname="com.ci.demo.math.Multiplication_Table_Test" time="0.016"/>
  <testcase name="testCase2" classname="com.ci.demo.math.PalindromeLessThanThousand_Test" time="0"/>
  <testcase name="testCase1" classname="com.ci.demo.math.PrintPrimeNumbers_Test" time="0"/>
</testsuite>